2011-07-18 17:39:39 Debug: Notice (1024): Please change the value of 'Security.salt' in app/config/core.php to a salt value specific to your application in [C:\xampp\htdocs\cake\cake\libs\debugger.php, line 684]
2011-07-18 17:39:39 Debug: Notice (1024): Please change the value of 'Security.cipherSeed' in app/config/core.php to a numeric (digits only) seed value specific to your application in [C:\xampp\htdocs\cake\cake\libs\debugger.php, line 688]
2011-07-18 17:39:39 Debug: Notice (1024): Please change the value of 'Security.salt' in app/config/core.php to a salt value specific to your application in [C:\xampp\htdocs\cake\cake\libs\debugger.php, line 684]
2011-07-18 17:39:39 Debug: Notice (1024): Please change the value of 'Security.cipherSeed' in app/config/core.php to a numeric (digits only) seed value specific to your application in [C:\xampp\htdocs\cake\cake\libs\debugger.php, line 688]
2011-07-18 17:41:36 Debug: Notice (8): Undefined property: View::$session in [C:\xampp\htdocs\cake\app\views\users\login.ctp, line 3]
2011-07-18 17:56:49 Debug: Notice (8): Undefined index: Users in [C:\xampp\htdocs\cake\app\controllers\users_controller.php, line 35]
2011-07-18 18:10:15 Debug: Notice (8): Use of undefined constant data - assumed 'data' in [C:\xampp\htdocs\cake\app\controllers\users_controller.php, line 42]
2011-07-18 18:10:15 Debug: Notice (8): Object of class UsersController could not be converted to int in [C:\xampp\htdocs\cake\app\controllers\users_controller.php, line 42]
2011-07-18 18:15:43 Debug: Notice (8): Undefined variable: Html in [C:\xampp\htdocs\cake\app\views\users\profile.ctp, line 3]
2011-07-18 18:16:18 Debug: Notice (8): Undefined variable: Html in [C:\xampp\htdocs\cake\app\views\users\profile.ctp, line 3]
2011-07-18 18:41:16 Debug: Notice (8): Undefined variable: user in [C:\xampp\htdocs\cake\app\views\layouts\default.ctp, line 23]
2011-07-18 18:41:37 Debug: Notice (8): Undefined variable: user in [C:\xampp\htdocs\cake\app\views\layouts\default.ctp, line 23]
2011-07-18 18:41:56 Debug: Notice (8): Undefined property: View::$Auth in [C:\xampp\htdocs\cake\app\views\layouts\default.ctp, line 23]
2011-07-18 18:42:12 Debug: Notice (8): Undefined property: View::$Auth in [C:\xampp\htdocs\cake\app\views\layouts\default.ctp, line 23]
2011-07-18 18:42:45 Debug: Notice (8): Undefined index: User in [C:\xampp\htdocs\cake\app\views\layouts\default.ctp, line 23]
2011-07-18 19:12:11 Debug: Notice (8): Undefined variable: user in [C:\xampp\htdocs\cake\app\views\layouts\default.ctp, line 27]
2011-07-18 19:31:16 Debug: Notice (8): Undefined variable: id in [C:\xampp\htdocs\cake\app\controllers\users_controller.php, line 50]
2011-07-18 19:34:54 Debug: Notice (8): Undefined variable: user in [C:\xampp\htdocs\cake\app\views\layouts\profiles.ctp, line 27]
2011-07-18 19:35:19 Debug: Notice (8): Undefined variable: user in [C:\xampp\htdocs\cake\app\views\layouts\profiles.ctp, line 27]
2011-07-18 19:38:23 Debug: Notice (8): Undefined index: id in [C:\xampp\htdocs\cake\app\controllers\users_controller.php, line 45]
2011-07-19 13:40:12 Debug: Notice (8): Undefined variable: user in [C:\xampp\htdocs\cake\app\views\pages\home.ctp, line 1]
2011-07-19 13:50:32 Debug: Notice (8): Undefined variable: user in [C:\xampp\htdocs\cake\app\views\pages\home.ctp, line 1]
2011-07-19 13:51:32 Debug: Notice (8): Undefined variable: user in [C:\xampp\htdocs\cake\app\views\pages\home.ctp, line 1]
2011-07-19 13:51:42 Debug: Notice (8): Undefined variable: user in [C:\xampp\htdocs\cake\app\views\pages\home.ctp, line 1]
2011-07-19 13:51:53 Debug: Notice (8): Undefined variable: user in [C:\xampp\htdocs\cake\app\views\pages\home.ctp, line 1]
2011-07-19 13:52:33 Debug: Notice (8): Undefined variable: user in [C:\xampp\htdocs\cake\app\views\pages\home.ctp, line 1]
2011-07-19 13:52:35 Debug: Notice (8): Undefined variable: user in [C:\xampp\htdocs\cake\app\views\pages\home.ctp, line 1]
2011-07-19 13:52:53 Debug: Notice (8): Undefined variable: user in [C:\xampp\htdocs\cake\app\views\pages\home.ctp, line 1]
2011-07-19 13:53:21 Debug: Notice (8): Undefined variable: user in [C:\xampp\htdocs\cake\app\views\pages\home.ctp, line 1]
2011-07-19 13:55:25 Debug: Notice (8): Undefined property: View::$Auth in [C:\xampp\htdocs\cake\app\views\pages\home.ctp, line 1]
2011-07-19 13:55:39 Debug: Notice (8): Undefined variable: Auth in [C:\xampp\htdocs\cake\app\views\pages\home.ctp, line 1]
2011-07-19 14:08:50 Debug: Notice (8): Undefined property: User::$Auth in [C:\xampp\htdocs\cake\app\models\user.php, line 45]
2011-07-21 13:51:50 Debug: Notice (8): Undefined variable: id in [C:\xampp\htdocs\cake\app\controllers\users_controller.php, line 46]
2011-07-21 15:31:26 Debug: Notice (8): Undefined variable: user in [C:\xampp\htdocs\cake\app\views\layouts\profiles.ctp, line 27]
2011-07-21 15:42:07 Debug: Notice (8): Undefined variable: user in [C:\xampp\htdocs\cake\app\views\users\profile.ctp, line 1]
2011-07-21 15:42:07 Debug: Notice (8): Undefined variable: user in [C:\xampp\htdocs\cake\app\views\users\profile.ctp, line 8]
2011-07-21 15:42:07 Debug: Notice (8): Undefined variable: user in [C:\xampp\htdocs\cake\app\views\users\profile.ctp, line 9]
2011-07-21 15:44:23 Debug: Notice (8): Undefined variable: usr in [C:\xampp\htdocs\cake\app\views\users\edit.ctp, line 4]
2011-07-21 15:44:23 Debug: Notice (8): Undefined variable: usr in [C:\xampp\htdocs\cake\app\views\users\edit.ctp, line 5]
2011-07-21 15:44:23 Debug: Notice (8): Undefined variable: usr in [C:\xampp\htdocs\cake\app\views\users\edit.ctp, line 6]
2011-07-21 16:25:22 Debug: Notice (8): Undefined property: ArtigosController::$User in [C:\xampp\htdocs\cake\app\controllers\artigos_controller.php, line 23]
2011-07-21 16:37:46 Debug: Notice (8): Undefined variable: artigo in [C:\xampp\htdocs\cake\app\views\artigos\edit.ctp, line 4]
2011-07-21 16:37:46 Debug: Notice (8): Undefined variable: artigo in [C:\xampp\htdocs\cake\app\views\artigos\edit.ctp, line 5]
2011-07-21 16:37:46 Debug: Notice (8): Undefined variable: artigo in [C:\xampp\htdocs\cake\app\views\artigos\edit.ctp, line 6]
2011-07-21 16:39:28 Debug: Notice (8): Undefined variable: artigo in [C:\xampp\htdocs\cake\app\views\artigos\edit.ctp, line 4]
2011-07-21 16:39:28 Debug: Notice (8): Undefined variable: artigo in [C:\xampp\htdocs\cake\app\views\artigos\edit.ctp, line 5]
2011-07-21 16:39:28 Debug: Notice (8): Undefined variable: artigo in [C:\xampp\htdocs\cake\app\views\artigos\edit.ctp, line 6]
2011-07-21 19:03:21 Debug: Notice (8): Undefined variable: artigo in [C:\xampp\htdocs\cake\app\views\mensagens\view.ctp, line 3]
2011-07-21 19:03:21 Debug: Notice (8): Undefined variable: artigo in [C:\xampp\htdocs\cake\app\views\mensagens\view.ctp, line 4]
2011-07-21 19:03:21 Debug: Notice (8): Undefined variable: artigo in [C:\xampp\htdocs\cake\app\views\mensagens\view.ctp, line 5]
2011-07-21 19:03:21 Debug: Notice (8): Undefined variable: artigo in [C:\xampp\htdocs\cake\app\views\mensagens\view.ctp, line 9]
2011-07-21 19:04:34 Debug: Notice (8): Undefined variable: artigo in [C:\xampp\htdocs\cake\app\views\mensagens\view.ctp, line 3]
2011-07-21 19:04:34 Debug: Notice (8): Undefined variable: artigo in [C:\xampp\htdocs\cake\app\views\mensagens\view.ctp, line 4]
2011-07-21 19:04:34 Debug: Notice (8): Undefined variable: artigo in [C:\xampp\htdocs\cake\app\views\mensagens\view.ctp, line 5]
2011-07-21 19:04:34 Debug: Notice (8): Undefined variable: artigo in [C:\xampp\htdocs\cake\app\views\mensagens\view.ctp, line 9]
2011-07-21 19:05:55 Debug: Notice (8): Undefined variable: artigos in [C:\xampp\htdocs\cake\app\views\mensagens\index.ctp, line 6]
2011-10-22 00:35:58 Notice: Notice (8): Undefined index:  role in [/Applications/MAMP/htdocs/plock/app/views/layouts/profiles.ctp, line 39]
2011-10-22 01:11:22 Notice: Notice (8): Undefined index:  Cliente in [/Applications/MAMP/htdocs/plock/app/views/dashboard/index.ctp, line 5]
2011-10-22 01:15:07 Notice: Notice (8): Undefined index:  Cliente in [/Applications/MAMP/htdocs/plock/app/views/dashboard/index.ctp, line 5]
2011-10-22 01:15:13 Notice: Notice (8): Undefined variable: clientes in [/Applications/MAMP/htdocs/plock/app/views/layouts/default.ctp, line 45]
2011-10-22 01:15:26 Notice: Notice (8): Undefined variable: clientes in [/Applications/MAMP/htdocs/plock/app/views/layouts/default.ctp, line 45]
2011-10-22 01:15:40 Notice: Notice (8): Undefined variable: clientes in [/Applications/MAMP/htdocs/plock/app/views/layouts/default.ctp, line 45]
2011-10-22 01:15:49 Notice: Notice (8): Undefined variable: clientes in [/Applications/MAMP/htdocs/plock/app/views/layouts/default.ctp, line 45]
2011-10-22 01:16:06 Notice: Notice (8): Undefined variable: clientes in [/Applications/MAMP/htdocs/plock/app/views/layouts/default.ctp, line 45]
2011-10-22 01:50:14 Notice: Notice (8): Undefined index:  Cliente in [/Applications/MAMP/htdocs/plock/app/views/dashboard/index.ctp, line 5]
2011-10-22 01:51:07 Notice: Notice (8): Undefined variable: user in [/Applications/MAMP/htdocs/plock/app/views/layouts/default.ctp, line 29]
2011-10-22 01:51:07 Notice: Notice (8): Undefined variable: clientes in [/Applications/MAMP/htdocs/plock/app/views/layouts/default.ctp, line 45]
2011-10-22 01:51:24 Notice: Notice (8): Undefined variable: user in [/Applications/MAMP/htdocs/plock/app/views/layouts/default.ctp, line 29]
2011-10-22 01:51:24 Notice: Notice (8): Undefined variable: clientes in [/Applications/MAMP/htdocs/plock/app/views/layouts/default.ctp, line 45]
2011-10-22 01:52:19 Notice: Notice (8): Undefined variable: user in [/Applications/MAMP/htdocs/plock/app/views/layouts/default.ctp, line 29]
2011-10-22 01:52:19 Notice: Notice (8): Undefined variable: clientes in [/Applications/MAMP/htdocs/plock/app/views/layouts/default.ctp, line 45]
2011-10-22 09:21:32 Notice: Notice (8): Undefined index:  role in [/Applications/MAMP/htdocs/plock/app/views/layouts/profiles.ctp, line 39]
2011-10-22 09:22:26 Notice: Notice (8): Undefined variable: user in [/Applications/MAMP/htdocs/plock/app/views/layouts/default.ctp, line 28]
2011-10-22 09:22:26 Notice: Notice (8): Undefined variable: clientes in [/Applications/MAMP/htdocs/plock/app/views/layouts/default.ctp, line 44]
2011-10-22 09:22:32 Notice: Notice (8): Undefined variable: user in [/Applications/MAMP/htdocs/plock/app/views/layouts/default.ctp, line 28]
2011-10-22 09:22:32 Notice: Notice (8): Undefined variable: clientes in [/Applications/MAMP/htdocs/plock/app/views/layouts/default.ctp, line 44]
2011-10-22 09:24:21 Notice: Notice (8): Undefined variable: user in [/Applications/MAMP/htdocs/plock/app/views/layouts/default.ctp, line 28]
2011-10-22 09:24:21 Notice: Notice (8): Undefined variable: clientes in [/Applications/MAMP/htdocs/plock/app/views/layouts/default.ctp, line 44]
2011-10-22 09:38:55 Notice: Notice (8): Undefined variable: user in [/Applications/MAMP/htdocs/plock/app/views/layouts/default.ctp, line 28]
2011-10-22 09:38:55 Notice: Notice (8): Undefined variable: clientes in [/Applications/MAMP/htdocs/plock/app/views/layouts/default.ctp, line 44]
2011-10-22 09:38:57 Notice: Notice (8): Undefined variable: user in [/Applications/MAMP/htdocs/plock/app/views/layouts/default.ctp, line 28]
2011-10-22 09:38:57 Notice: Notice (8): Undefined variable: clientes in [/Applications/MAMP/htdocs/plock/app/views/layouts/default.ctp, line 44]
2011-10-22 10:11:21 Notice: Notice (8): Undefined variable: user in [/Applications/MAMP/htdocs/plock/app/views/layouts/default.ctp, line 29]
2011-10-22 10:11:21 Notice: Notice (8): Undefined variable: clientes in [/Applications/MAMP/htdocs/plock/app/views/layouts/default.ctp, line 45]
2011-10-22 11:07:46 Notice: Notice (8): Undefined variable: user in [/Applications/MAMP/htdocs/plock/app/views/layouts/default.ctp, line 29]
2011-10-22 11:07:46 Notice: Notice (8): Undefined variable: clientes in [/Applications/MAMP/htdocs/plock/app/views/layouts/default.ctp, line 45]
2011-10-22 11:47:50 Notice: Notice (8): Undefined variable: user in [/Applications/MAMP/htdocs/plock/app/views/layouts/default.ctp, line 30]
2011-10-22 11:47:50 Notice: Notice (8): Undefined variable: clientes in [/Applications/MAMP/htdocs/plock/app/views/layouts/default.ctp, line 46]
2011-10-22 11:55:44 Notice: Notice (8): Undefined variable: user in [/Applications/MAMP/htdocs/plock/app/views/layouts/default.ctp, line 30]
2011-10-22 11:55:44 Notice: Notice (8): Undefined variable: clientes in [/Applications/MAMP/htdocs/plock/app/views/layouts/default.ctp, line 46]
2011-10-22 12:01:13 Notice: Notice (8): Undefined index:  id in [/Applications/MAMP/htdocs/plock/app/controllers/clientes_controller.php, line 41]
2011-10-22 12:02:19 Notice: Notice (8): Undefined index:  id in [/Applications/MAMP/htdocs/plock/app/controllers/clientes_controller.php, line 41]
2011-10-22 12:03:10 Notice: Notice (8): Undefined index:  id in [/Applications/MAMP/htdocs/plock/app/controllers/clientes_controller.php, line 41]
2011-10-22 12:03:40 Notice: Notice (8): Undefined index:  id in [/Applications/MAMP/htdocs/plock/app/controllers/clientes_controller.php, line 40]
2011-10-22 12:04:39 Notice: Notice (8): Undefined variable: cliente in [/Applications/MAMP/htdocs/plock/app/controllers/clientes_controller.php, line 40]
2011-10-22 12:12:30 Notice: Notice (8): Undefined variable: data in [/Applications/MAMP/htdocs/plock/app/views/clientes/search.ctp, line 1]
2011-10-22 12:13:22 Notice: Notice (8): Undefined property: ClientesController::$Clientes in [/Applications/MAMP/htdocs/plock/app/controllers/clientes_controller.php, line 62]
2011-10-22 12:20:12 Notice: Notice (8): Undefined property: DebugView::$Paginator in [/Applications/MAMP/htdocs/plock/app/views/clientes/search.ctp, line 31]
2011-10-22 12:39:41 Notice: Notice (8): Undefined variable: busca in [/Applications/MAMP/htdocs/plock/app/views/clientes/search.ctp, line 1]
2011-10-22 12:39:41 Notice: Notice (8): Undefined variable: data in [/Applications/MAMP/htdocs/plock/app/views/clientes/search.ctp, line 3]
2011-10-22 12:40:00 Notice: Notice (8): Undefined variable: busca in [/Applications/MAMP/htdocs/plock/app/views/clientes/search.ctp, line 1]
2011-10-22 12:40:00 Notice: Notice (8): Undefined variable: data in [/Applications/MAMP/htdocs/plock/app/views/clientes/search.ctp, line 3]
2011-10-22 13:53:55 Notice: Notice (8): Undefined variable: busca in [/Applications/MAMP/htdocs/plock/app/views/clientes/search.ctp, line 1]
2011-10-22 13:53:55 Notice: Notice (8): Undefined variable: data in [/Applications/MAMP/htdocs/plock/app/views/clientes/search.ctp, line 3]
2011-10-22 22:42:08 Notice: Notice (8): Undefined index:  param in [/Applications/MAMP/htdocs/plock/app/controllers/clientes_controller.php, line 75]
2011-10-22 22:42:09 Notice: Notice (8): Undefined variable: user in [/Applications/MAMP/htdocs/plock/app/views/layouts/default.ctp, line 37]
2011-10-22 22:42:09 Notice: Notice (8): Undefined variable: clientes in [/Applications/MAMP/htdocs/plock/app/views/layouts/default.ctp, line 55]
2011-10-22 22:42:27 Notice: Notice (8): Undefined index:  param in [/Applications/MAMP/htdocs/plock/app/controllers/clientes_controller.php, line 75]
2011-10-22 22:51:45 Notice: Notice (8): Undefined index:  format in [/Applications/MAMP/htdocs/plock/app/controllers/clientes_controller.php, line 77]
2011-10-22 22:51:45 Notice: Notice (8): Undefined variable: user in [/Applications/MAMP/htdocs/plock/app/views/layouts/default.ctp, line 37]
2011-10-22 22:51:45 Notice: Notice (8): Undefined variable: clientes in [/Applications/MAMP/htdocs/plock/app/views/layouts/default.ctp, line 55]
2011-10-22 22:51:56 Notice: Notice (8): Undefined index:  format in [/Applications/MAMP/htdocs/plock/app/controllers/clientes_controller.php, line 77]
2011-10-22 22:51:56 Notice: Notice (8): Undefined variable: user in [/Applications/MAMP/htdocs/plock/app/views/layouts/default.ctp, line 37]
2011-10-22 22:51:56 Notice: Notice (8): Undefined variable: clientes in [/Applications/MAMP/htdocs/plock/app/views/layouts/default.ctp, line 55]
2011-10-22 22:52:10 Notice: Notice (8): Undefined index:  format in [/Applications/MAMP/htdocs/plock/app/controllers/clientes_controller.php, line 77]
2011-10-22 22:52:55 Notice: Notice (8): Undefined index:  format in [/Applications/MAMP/htdocs/plock/app/controllers/clientes_controller.php, line 77]
2011-10-22 22:54:12 Notice: Notice (8): Undefined variable: user in [/Applications/MAMP/htdocs/plock/app/views/layouts/default.ctp, line 37]
2011-10-22 22:54:12 Notice: Notice (8): Undefined variable: clientes in [/Applications/MAMP/htdocs/plock/app/views/layouts/default.ctp, line 55]
2011-10-22 22:54:30 Notice: Notice (8): Undefined variable: user in [/Applications/MAMP/htdocs/plock/app/views/layouts/default.ctp, line 37]
2011-10-22 22:54:30 Notice: Notice (8): Undefined variable: clientes in [/Applications/MAMP/htdocs/plock/app/views/layouts/default.ctp, line 55]
2011-10-22 22:54:30 Notice: Notice (8): Undefined variable: user in [/Applications/MAMP/htdocs/plock/app/views/layouts/default.ctp, line 37]
2011-10-22 22:54:30 Notice: Notice (8): Undefined variable: clientes in [/Applications/MAMP/htdocs/plock/app/views/layouts/default.ctp, line 55]
2011-10-22 22:54:31 Notice: Notice (8): Undefined variable: user in [/Applications/MAMP/htdocs/plock/app/views/layouts/default.ctp, line 37]
2011-10-22 22:54:31 Notice: Notice (8): Undefined variable: clientes in [/Applications/MAMP/htdocs/plock/app/views/layouts/default.ctp, line 55]
2011-10-22 22:54:31 Notice: Notice (8): Undefined variable: user in [/Applications/MAMP/htdocs/plock/app/views/layouts/default.ctp, line 37]
2011-10-22 22:54:31 Notice: Notice (8): Undefined variable: clientes in [/Applications/MAMP/htdocs/plock/app/views/layouts/default.ctp, line 55]
2011-10-22 22:54:33 Notice: Notice (8): Undefined variable: user in [/Applications/MAMP/htdocs/plock/app/views/layouts/default.ctp, line 37]
2011-10-22 22:54:33 Notice: Notice (8): Undefined variable: clientes in [/Applications/MAMP/htdocs/plock/app/views/layouts/default.ctp, line 55]
2011-10-22 22:54:33 Notice: Notice (8): Undefined variable: user in [/Applications/MAMP/htdocs/plock/app/views/layouts/default.ctp, line 37]
2011-10-22 22:54:33 Notice: Notice (8): Undefined variable: clientes in [/Applications/MAMP/htdocs/plock/app/views/layouts/default.ctp, line 55]
2011-10-22 22:54:35 Notice: Notice (8): Undefined variable: user in [/Applications/MAMP/htdocs/plock/app/views/layouts/default.ctp, line 37]
2011-10-22 22:54:35 Notice: Notice (8): Undefined variable: clientes in [/Applications/MAMP/htdocs/plock/app/views/layouts/default.ctp, line 55]
2011-10-22 22:54:35 Notice: Notice (8): Undefined variable: user in [/Applications/MAMP/htdocs/plock/app/views/layouts/default.ctp, line 37]
2011-10-22 22:54:35 Notice: Notice (8): Undefined variable: clientes in [/Applications/MAMP/htdocs/plock/app/views/layouts/default.ctp, line 55]
2011-10-22 22:54:39 Notice: Notice (8): Undefined variable: user in [/Applications/MAMP/htdocs/plock/app/views/layouts/default.ctp, line 37]
2011-10-22 22:54:39 Notice: Notice (8): Undefined variable: clientes in [/Applications/MAMP/htdocs/plock/app/views/layouts/default.ctp, line 55]
2011-10-22 22:54:39 Notice: Notice (8): Undefined variable: user in [/Applications/MAMP/htdocs/plock/app/views/layouts/default.ctp, line 37]
2011-10-22 22:54:39 Notice: Notice (8): Undefined variable: clientes in [/Applications/MAMP/htdocs/plock/app/views/layouts/default.ctp, line 55]
2011-10-22 22:55:43 Notice: Notice (8): Undefined variable: user in [/Applications/MAMP/htdocs/plock/app/views/layouts/default.ctp, line 37]
2011-10-22 22:55:43 Notice: Notice (8): Undefined variable: clientes in [/Applications/MAMP/htdocs/plock/app/views/layouts/default.ctp, line 55]
2011-10-22 22:58:14 Notice: Notice (8): Undefined variable: user in [/Applications/MAMP/htdocs/plock/app/views/layouts/default.ctp, line 37]
2011-10-22 22:58:14 Notice: Notice (8): Undefined variable: clientes in [/Applications/MAMP/htdocs/plock/app/views/layouts/default.ctp, line 55]
2011-10-22 22:58:40 Notice: Notice (8): Undefined variable: user in [/Applications/MAMP/htdocs/plock/app/views/layouts/default.ctp, line 37]
2011-10-22 22:58:40 Notice: Notice (8): Undefined variable: clientes in [/Applications/MAMP/htdocs/plock/app/views/layouts/default.ctp, line 55]
2011-10-26 12:11:41 Notice: Notice (8): Undefined variable: busca in [/Applications/MAMP/htdocs/plock/app/views/clientes/search.ctp, line 1]
2011-10-26 12:11:41 Notice: Notice (8): Undefined variable: data in [/Applications/MAMP/htdocs/plock/app/views/clientes/search.ctp, line 3]
2011-10-26 12:15:00 Notice: Notice (8): Undefined variable: busca in [/Applications/MAMP/htdocs/plock/app/views/clientes/search.ctp, line 1]
2011-10-26 12:15:00 Notice: Notice (8): Undefined variable: data in [/Applications/MAMP/htdocs/plock/app/views/clientes/search.ctp, line 3]
2011-10-27 21:16:29 Notice: Notice (8): Undefined index:  format in [/Applications/MAMP/htdocs/plock/app/controllers/clientes_controller.php, line 82]
2011-10-27 21:16:30 Notice: Notice (8): Undefined index:  format in [/Applications/MAMP/htdocs/plock/app/controllers/clientes_controller.php, line 82]
2011-10-27 21:24:17 Notice: Notice (8): Undefined index:  tml_name in [/Applications/MAMP/htdocs/plock/app/controllers/clientes_controller.php, line 76]
2011-10-27 21:24:17 Notice: Notice (8): Undefined property: ClientesController::$Xml2phpComponent in [/Applications/MAMP/htdocs/plock/app/controllers/clientes_controller.php, line 77]
2011-10-27 21:24:39 Notice: Notice (8): Undefined index:  tml_name in [/Applications/MAMP/htdocs/plock/app/controllers/clientes_controller.php, line 76]
2011-10-27 21:28:41 Notice: Notice (8): Undefined variable: clientesXML in [/Applications/MAMP/htdocs/plock/app/views/clientes/export.ctp, line 14]
2011-10-27 21:28:41 Notice: Notice (8): Undefined variable: clientesXML in [/Applications/MAMP/htdocs/plock/app/views/clientes/export.ctp, line 14]
2011-10-27 21:56:10 Notice: Notice (8): Undefined variable: user in [/Applications/MAMP/htdocs/plock/app/views/layouts/default.ctp, line 37]
2011-10-27 21:56:10 Notice: Notice (8): Undefined variable: clientes in [/Applications/MAMP/htdocs/plock/app/views/layouts/default.ctp, line 55]
2011-10-27 21:56:10 Notice: Notice (8): Undefined variable: user in [/Applications/MAMP/htdocs/plock/app/views/layouts/default.ctp, line 37]
2011-10-27 21:56:10 Notice: Notice (8): Undefined variable: clientes in [/Applications/MAMP/htdocs/plock/app/views/layouts/default.ctp, line 55]
2011-10-28 06:54:40 Notice: Notice (8): Undefined variable: user in [/Applications/MAMP/htdocs/plock/app/views/layouts/default.ctp, line 38]
2011-10-28 06:54:40 Notice: Notice (8): Undefined variable: clientes in [/Applications/MAMP/htdocs/plock/app/views/layouts/default.ctp, line 57]
2011-10-28 06:54:40 Notice: Notice (8): Undefined variable: user in [/Applications/MAMP/htdocs/plock/app/views/layouts/default.ctp, line 38]
2011-10-28 06:54:40 Notice: Notice (8): Undefined variable: clientes in [/Applications/MAMP/htdocs/plock/app/views/layouts/default.ctp, line 57]
2011-10-28 06:55:07 Notice: Notice (8): Undefined variable: user in [/Applications/MAMP/htdocs/plock/app/views/layouts/default.ctp, line 38]
2011-10-28 06:55:07 Notice: Notice (8): Undefined variable: clientes in [/Applications/MAMP/htdocs/plock/app/views/layouts/default.ctp, line 57]
2011-10-28 06:55:07 Notice: Notice (8): Undefined variable: user in [/Applications/MAMP/htdocs/plock/app/views/layouts/default.ctp, line 38]
2011-10-28 06:55:07 Notice: Notice (8): Undefined variable: clientes in [/Applications/MAMP/htdocs/plock/app/views/layouts/default.ctp, line 57]
2011-10-28 06:55:13 Notice: Notice (8): Undefined variable: user in [/Applications/MAMP/htdocs/plock/app/views/layouts/default.ctp, line 38]
2011-10-28 06:55:13 Notice: Notice (8): Undefined variable: clientes in [/Applications/MAMP/htdocs/plock/app/views/layouts/default.ctp, line 57]
2011-10-28 06:55:13 Notice: Notice (8): Undefined variable: user in [/Applications/MAMP/htdocs/plock/app/views/layouts/default.ctp, line 38]
2011-10-28 06:55:13 Notice: Notice (8): Undefined variable: clientes in [/Applications/MAMP/htdocs/plock/app/views/layouts/default.ctp, line 57]
2011-10-28 06:55:17 Notice: Notice (8): Undefined variable: user in [/Applications/MAMP/htdocs/plock/app/views/layouts/default.ctp, line 38]
2011-10-28 06:55:18 Notice: Notice (8): Undefined variable: clientes in [/Applications/MAMP/htdocs/plock/app/views/layouts/default.ctp, line 57]
2011-10-28 06:55:18 Notice: Notice (8): Undefined variable: user in [/Applications/MAMP/htdocs/plock/app/views/layouts/default.ctp, line 38]
2011-10-28 06:55:18 Notice: Notice (8): Undefined variable: clientes in [/Applications/MAMP/htdocs/plock/app/views/layouts/default.ctp, line 57]
2011-10-28 06:55:28 Notice: Notice (8): Undefined variable: user in [/Applications/MAMP/htdocs/plock/app/views/layouts/default.ctp, line 38]
2011-10-28 06:55:28 Notice: Notice (8): Undefined variable: clientes in [/Applications/MAMP/htdocs/plock/app/views/layouts/default.ctp, line 57]
2011-10-28 06:55:28 Notice: Notice (8): Undefined variable: user in [/Applications/MAMP/htdocs/plock/app/views/layouts/default.ctp, line 38]
2011-10-28 06:55:28 Notice: Notice (8): Undefined variable: clientes in [/Applications/MAMP/htdocs/plock/app/views/layouts/default.ctp, line 57]
2011-10-28 06:55:37 Notice: Notice (8): Undefined variable: user in [/Applications/MAMP/htdocs/plock/app/views/layouts/default.ctp, line 38]
2011-10-28 06:55:37 Notice: Notice (8): Undefined variable: clientes in [/Applications/MAMP/htdocs/plock/app/views/layouts/default.ctp, line 57]
2011-10-28 06:55:37 Notice: Notice (8): Undefined variable: user in [/Applications/MAMP/htdocs/plock/app/views/layouts/default.ctp, line 38]
2011-10-28 06:55:37 Notice: Notice (8): Undefined variable: clientes in [/Applications/MAMP/htdocs/plock/app/views/layouts/default.ctp, line 57]
2011-10-28 06:55:58 Notice: Notice (8): Undefined variable: user in [/Applications/MAMP/htdocs/plock/app/views/layouts/default.ctp, line 38]
2011-10-28 06:55:58 Notice: Notice (8): Undefined variable: clientes in [/Applications/MAMP/htdocs/plock/app/views/layouts/default.ctp, line 57]
2011-10-28 06:55:58 Notice: Notice (8): Undefined variable: user in [/Applications/MAMP/htdocs/plock/app/views/layouts/default.ctp, line 38]
2011-10-28 06:55:58 Notice: Notice (8): Undefined variable: clientes in [/Applications/MAMP/htdocs/plock/app/views/layouts/default.ctp, line 57]
2011-10-28 06:56:45 Notice: Notice (8): Undefined variable: user in [/Applications/MAMP/htdocs/plock/app/views/layouts/default.ctp, line 38]
2011-10-28 06:56:46 Notice: Notice (8): Undefined variable: clientes in [/Applications/MAMP/htdocs/plock/app/views/layouts/default.ctp, line 57]
2011-10-28 06:56:46 Notice: Notice (8): Undefined variable: user in [/Applications/MAMP/htdocs/plock/app/views/layouts/default.ctp, line 38]
2011-10-28 06:56:46 Notice: Notice (8): Undefined variable: clientes in [/Applications/MAMP/htdocs/plock/app/views/layouts/default.ctp, line 57]
2011-10-28 06:58:50 Notice: Notice (8): Undefined variable: user in [/Applications/MAMP/htdocs/plock/app/views/layouts/default.ctp, line 38]
2011-10-28 06:58:50 Notice: Notice (8): Undefined variable: clientes in [/Applications/MAMP/htdocs/plock/app/views/layouts/default.ctp, line 57]
2011-10-28 06:58:50 Notice: Notice (8): Undefined variable: user in [/Applications/MAMP/htdocs/plock/app/views/layouts/default.ctp, line 38]
2011-10-28 06:58:50 Notice: Notice (8): Undefined variable: clientes in [/Applications/MAMP/htdocs/plock/app/views/layouts/default.ctp, line 57]
2011-10-28 07:01:25 Notice: Notice (8): Undefined variable: user in [/Applications/MAMP/htdocs/plock/app/views/layouts/default.ctp, line 38]
2011-10-28 07:01:25 Notice: Notice (8): Undefined variable: clientes in [/Applications/MAMP/htdocs/plock/app/views/layouts/default.ctp, line 57]
2011-10-28 07:01:25 Notice: Notice (8): Undefined variable: user in [/Applications/MAMP/htdocs/plock/app/views/layouts/default.ctp, line 38]
2011-10-28 07:01:25 Notice: Notice (8): Undefined variable: clientes in [/Applications/MAMP/htdocs/plock/app/views/layouts/default.ctp, line 57]
2011-10-28 07:08:12 Notice: Notice (8): Undefined property: ClientesController::$requestHandler in [/Applications/MAMP/htdocs/plock/app/controllers/clientes_controller.php, line 31]
2011-10-28 07:08:13 Notice: Notice (8): Undefined property: ClientesController::$requestHandler in [/Applications/MAMP/htdocs/plock/app/controllers/clientes_controller.php, line 31]
2011-10-28 07:09:44 Notice: Notice (8): Undefined variable: user in [/Applications/MAMP/htdocs/plock/app/views/layouts/default.ctp, line 38]
2011-10-28 07:09:44 Notice: Notice (8): Undefined variable: clientes in [/Applications/MAMP/htdocs/plock/app/views/layouts/default.ctp, line 57]
2011-10-28 07:09:44 Notice: Notice (8): Undefined variable: user in [/Applications/MAMP/htdocs/plock/app/views/layouts/default.ctp, line 38]
2011-10-28 07:09:44 Notice: Notice (8): Undefined variable: clientes in [/Applications/MAMP/htdocs/plock/app/views/layouts/default.ctp, line 57]
2011-10-28 07:21:08 Notice: Notice (8): Undefined variable: Xml in [/Applications/MAMP/htdocs/plock/app/controllers/clientes_controller.php, line 31]
2011-10-28 07:21:08 Notice: Notice (8): Undefined variable: Xml in [/Applications/MAMP/htdocs/plock/app/controllers/clientes_controller.php, line 31]
2011-10-28 07:21:18 Notice: Notice (8): Undefined property: ClientesController::$Xml in [/Applications/MAMP/htdocs/plock/app/controllers/clientes_controller.php, line 31]
2011-10-28 07:21:18 Notice: Notice (8): Undefined property: ClientesController::$Xml in [/Applications/MAMP/htdocs/plock/app/controllers/clientes_controller.php, line 31]
2011-10-28 07:22:08 Notice: Notice (8): Undefined property: ClientesController::$Xml in [/Applications/MAMP/htdocs/plock/app/controllers/clientes_controller.php, line 31]
2011-10-28 07:22:08 Notice: Notice (8): Undefined property: ClientesController::$Xml in [/Applications/MAMP/htdocs/plock/app/controllers/clientes_controller.php, line 31]
2011-10-28 07:23:51 Notice: Notice (8): Undefined property: DebugView::$xml in [/Applications/MAMP/htdocs/plock/app/views/clientes/xml/index.ctp, line 2]
2011-10-28 07:23:51 Notice: Notice (8): Undefined property: DebugView::$xml in [/Applications/MAMP/htdocs/plock/app/views/clientes/xml/index.ctp, line 2]
2011-10-28 07:23:52 Notice: Notice (8): Undefined property: DebugView::$xml in [/Applications/MAMP/htdocs/plock/app/views/clientes/xml/index.ctp, line 2]
2011-10-28 07:23:53 Notice: Notice (8): Undefined property: DebugView::$xml in [/Applications/MAMP/htdocs/plock/app/views/clientes/xml/index.ctp, line 2]
2011-10-28 07:25:15 Notice: Notice (8): Undefined variable: xml in [/Applications/MAMP/htdocs/plock/app/views/clientes/index.ctp, line 2]
2011-10-28 07:25:15 Notice: Notice (8): Undefined variable: xml in [/Applications/MAMP/htdocs/plock/app/views/clientes/index.ctp, line 2]
2011-10-28 11:12:14 Notice: Notice (8): Undefined variable: busca in [/Applications/MAMP/htdocs/plock/app/views/clientes/search.ctp, line 1]
2011-10-28 11:12:14 Notice: Notice (8): Undefined variable: data in [/Applications/MAMP/htdocs/plock/app/views/clientes/search.ctp, line 3]
2011-10-28 11:38:55 Notice: Notice (8): Undefined variable: user in [/Applications/MAMP/htdocs/plock/app/views/layouts/default.ctp, line 38]
2011-10-28 11:38:55 Notice: Notice (8): Undefined variable: clientes in [/Applications/MAMP/htdocs/plock/app/views/layouts/default.ctp, line 57]
2011-10-28 11:38:55 Notice: Notice (8): Undefined variable: user in [/Applications/MAMP/htdocs/plock/app/views/layouts/default.ctp, line 38]
2011-10-28 11:38:55 Notice: Notice (8): Undefined variable: clientes in [/Applications/MAMP/htdocs/plock/app/views/layouts/default.ctp, line 57]
2011-10-28 11:43:14 Notice: Notice (8): Undefined variable: busca in [/Applications/MAMP/htdocs/plock/app/views/clientes/search.ctp, line 1]
2011-10-28 11:43:14 Notice: Notice (8): Undefined variable: data in [/Applications/MAMP/htdocs/plock/app/views/clientes/search.ctp, line 3]
2011-10-28 11:43:26 Notice: Notice (8): Undefined variable: busca in [/Applications/MAMP/htdocs/plock/app/views/clientes/search.ctp, line 1]
2011-10-28 11:43:26 Notice: Notice (8): Undefined variable: data in [/Applications/MAMP/htdocs/plock/app/views/clientes/search.ctp, line 3]
2011-10-28 11:44:22 Notice: Notice (8): Undefined variable: busca in [/Applications/MAMP/htdocs/plock/app/views/clientes/search.ctp, line 1]
2011-10-28 11:44:22 Notice: Notice (8): Undefined variable: data in [/Applications/MAMP/htdocs/plock/app/views/clientes/search.ctp, line 3]
2011-10-28 11:45:30 Notice: Notice (8): Undefined variable: busca in [/Applications/MAMP/htdocs/plock/app/views/clientes/search.ctp, line 1]
2011-10-28 11:45:30 Notice: Notice (8): Undefined variable: data in [/Applications/MAMP/htdocs/plock/app/views/clientes/search.ctp, line 3]
2011-10-28 11:45:46 Notice: Notice (8): Undefined variable: busca in [/Applications/MAMP/htdocs/plock/app/views/clientes/search.ctp, line 1]
2011-10-28 11:45:46 Notice: Notice (8): Undefined variable: data in [/Applications/MAMP/htdocs/plock/app/views/clientes/search.ctp, line 3]
2011-10-28 11:45:51 Notice: Notice (8): Undefined variable: busca in [/Applications/MAMP/htdocs/plock/app/views/clientes/search.ctp, line 1]
2011-10-28 11:45:51 Notice: Notice (8): Undefined variable: data in [/Applications/MAMP/htdocs/plock/app/views/clientes/search.ctp, line 3]
2011-10-28 11:45:54 Notice: Notice (8): Undefined variable: busca in [/Applications/MAMP/htdocs/plock/app/views/clientes/search.ctp, line 1]
2011-10-28 11:45:54 Notice: Notice (8): Undefined variable: data in [/Applications/MAMP/htdocs/plock/app/views/clientes/search.ctp, line 3]
2011-10-28 11:45:55 Notice: Notice (8): Undefined variable: busca in [/Applications/MAMP/htdocs/plock/app/views/clientes/search.ctp, line 1]
2011-10-28 11:45:55 Notice: Notice (8): Undefined variable: data in [/Applications/MAMP/htdocs/plock/app/views/clientes/search.ctp, line 3]
2011-10-28 11:45:55 Notice: Notice (8): Undefined variable: busca in [/Applications/MAMP/htdocs/plock/app/views/clientes/search.ctp, line 1]
2011-10-28 11:45:55 Notice: Notice (8): Undefined variable: data in [/Applications/MAMP/htdocs/plock/app/views/clientes/search.ctp, line 3]
2011-10-28 11:46:11 Notice: Notice (8): Undefined variable: busca in [/Applications/MAMP/htdocs/plock/app/views/clientes/search.ctp, line 1]
2011-10-28 11:46:11 Notice: Notice (8): Undefined variable: data in [/Applications/MAMP/htdocs/plock/app/views/clientes/search.ctp, line 3]
2011-10-28 11:46:14 Notice: Notice (8): Undefined variable: busca in [/Applications/MAMP/htdocs/plock/app/views/clientes/search.ctp, line 1]
2011-10-28 11:46:14 Notice: Notice (8): Undefined variable: data in [/Applications/MAMP/htdocs/plock/app/views/clientes/search.ctp, line 3]
2011-10-28 11:46:15 Notice: Notice (8): Undefined variable: busca in [/Applications/MAMP/htdocs/plock/app/views/clientes/search.ctp, line 1]
2011-10-28 11:46:15 Notice: Notice (8): Undefined variable: data in [/Applications/MAMP/htdocs/plock/app/views/clientes/search.ctp, line 3]
2011-10-28 11:46:42 Notice: Notice (8): Undefined variable: busca in [/Applications/MAMP/htdocs/plock/app/views/clientes/search.ctp, line 1]
2011-10-28 11:46:42 Notice: Notice (8): Undefined variable: data in [/Applications/MAMP/htdocs/plock/app/views/clientes/search.ctp, line 3]
2011-10-28 11:46:44 Notice: Notice (8): Undefined variable: busca in [/Applications/MAMP/htdocs/plock/app/views/clientes/search.ctp, line 1]
2011-10-28 11:46:44 Notice: Notice (8): Undefined variable: data in [/Applications/MAMP/htdocs/plock/app/views/clientes/search.ctp, line 3]
2011-10-28 11:46:45 Notice: Notice (8): Undefined variable: busca in [/Applications/MAMP/htdocs/plock/app/views/clientes/search.ctp, line 1]
2011-10-28 11:46:45 Notice: Notice (8): Undefined variable: data in [/Applications/MAMP/htdocs/plock/app/views/clientes/search.ctp, line 3]
2011-10-28 11:48:07 Notice: Notice (8): Undefined variable: busca in [/Applications/MAMP/htdocs/plock/app/views/clientes/search.ctp, line 1]
2011-10-28 11:48:07 Notice: Notice (8): Undefined variable: data in [/Applications/MAMP/htdocs/plock/app/views/clientes/search.ctp, line 3]
2011-10-28 11:50:00 Notice: Notice (8): Undefined index:  busca in [/Applications/MAMP/htdocs/plock/app/controllers/clientes_controller.php, line 70]
2011-10-28 11:50:00 Notice: Notice (8): Undefined index:  busca in [/Applications/MAMP/htdocs/plock/app/controllers/clientes_controller.php, line 70]
2011-10-28 11:50:25 Notice: Notice (8): Undefined index:  busca in [/Applications/MAMP/htdocs/plock/app/controllers/clientes_controller.php, line 70]
2011-10-28 11:50:25 Notice: Notice (8): Undefined index:  busca in [/Applications/MAMP/htdocs/plock/app/controllers/clientes_controller.php, line 73]
2011-10-28 11:50:26 Notice: Notice (8): Undefined index:  busca in [/Applications/MAMP/htdocs/plock/app/controllers/clientes_controller.php, line 70]
2011-10-28 11:50:26 Notice: Notice (8): Undefined index:  busca in [/Applications/MAMP/htdocs/plock/app/controllers/clientes_controller.php, line 73]
2011-10-28 11:50:42 Notice: Notice (8): A session had already been started - ignoring session_start() in [/Applications/MAMP/htdocs/plock/app/controllers/clientes_controller.php, line 65]
2011-10-28 11:50:42 Notice: Notice (8): Undefined index:  busca in [/Applications/MAMP/htdocs/plock/app/controllers/clientes_controller.php, line 71]
2011-10-28 11:50:42 Notice: Notice (8): Undefined index:  busca in [/Applications/MAMP/htdocs/plock/app/controllers/clientes_controller.php, line 74]
2011-10-28 11:50:42 Notice: Notice (8): A session had already been started - ignoring session_start() in [/Applications/MAMP/htdocs/plock/app/controllers/clientes_controller.php, line 65]
2011-10-28 11:50:42 Notice: Notice (8): Undefined index:  busca in [/Applications/MAMP/htdocs/plock/app/controllers/clientes_controller.php, line 71]
2011-10-28 11:50:42 Notice: Notice (8): Undefined index:  busca in [/Applications/MAMP/htdocs/plock/app/controllers/clientes_controller.php, line 74]
2011-10-28 11:50:54 Notice: Notice (8): Undefined index:  busca in [/Applications/MAMP/htdocs/plock/app/controllers/clientes_controller.php, line 70]
2011-10-28 11:50:54 Notice: Notice (8): Undefined index:  busca in [/Applications/MAMP/htdocs/plock/app/controllers/clientes_controller.php, line 73]
2011-10-28 11:50:54 Notice: Notice (8): Undefined index:  busca in [/Applications/MAMP/htdocs/plock/app/controllers/clientes_controller.php, line 70]
2011-10-28 11:50:54 Notice: Notice (8): Undefined index:  busca in [/Applications/MAMP/htdocs/plock/app/controllers/clientes_controller.php, line 73]
2011-10-28 11:51:07 Notice: Notice (8): Undefined index:  busca in [/Applications/MAMP/htdocs/plock/app/controllers/clientes_controller.php, line 70]
2011-10-28 11:51:07 Notice: Notice (8): Undefined index:  busca in [/Applications/MAMP/htdocs/plock/app/controllers/clientes_controller.php, line 70]
2011-10-28 11:51:11 Notice: Notice (8): Undefined index:  busca in [/Applications/MAMP/htdocs/plock/app/controllers/clientes_controller.php, line 70]
2011-10-28 11:51:12 Notice: Notice (8): Undefined index:  busca in [/Applications/MAMP/htdocs/plock/app/controllers/clientes_controller.php, line 70]
2011-10-28 11:51:13 Notice: Notice (8): Undefined index:  busca in [/Applications/MAMP/htdocs/plock/app/controllers/clientes_controller.php, line 70]
2011-10-28 11:51:14 Notice: Notice (8): Undefined index:  busca in [/Applications/MAMP/htdocs/plock/app/controllers/clientes_controller.php, line 70]
2011-10-29 17:40:11 Notice: Notice (8): Undefined index:  CLiente in [/Applications/MAMP/htdocs/plock/app/views/clientes/search.ctp, line 24]
2011-10-29 17:40:11 Notice: Notice (8): Undefined index:  CLiente in [/Applications/MAMP/htdocs/plock/app/views/clientes/search.ctp, line 24]
2011-11-01 23:55:53 Notice: Notice (8): Undefined index:  ftp in [/Applications/MAMP/htdocs/plock/app/views/clientes/view.ctp, line 43]
2011-11-01 23:55:53 Notice: Notice (8): Undefined index:  usuario_ftp in [/Applications/MAMP/htdocs/plock/app/views/clientes/view.ctp, line 44]
2011-11-01 23:55:53 Notice: Notice (8): Undefined index:  senha_ftp in [/Applications/MAMP/htdocs/plock/app/views/clientes/view.ctp, line 45]
2011-11-01 23:55:53 Notice: Notice (8): Undefined index:  ftp in [/Applications/MAMP/htdocs/plock/app/views/clientes/view.ctp, line 46]
2011-11-01 23:55:53 Notice: Notice (8): Undefined index:  usuario_ftp in [/Applications/MAMP/htdocs/plock/app/views/clientes/view.ctp, line 46]
2011-11-01 23:55:53 Notice: Notice (8): Undefined index:  senha_ftp in [/Applications/MAMP/htdocs/plock/app/views/clientes/view.ctp, line 46]
2011-11-01 23:58:37 Notice: Notice (8): Undefined index:  ftp in [/Applications/MAMP/htdocs/plock/app/views/clientes/view.ctp, line 43]
2011-11-01 23:58:37 Notice: Notice (8): Undefined index:  usuario_ftp in [/Applications/MAMP/htdocs/plock/app/views/clientes/view.ctp, line 44]
2011-11-01 23:58:37 Notice: Notice (8): Undefined index:  senha_ftp in [/Applications/MAMP/htdocs/plock/app/views/clientes/view.ctp, line 45]
2011-11-01 23:58:37 Notice: Notice (8): Undefined index:  ftp in [/Applications/MAMP/htdocs/plock/app/views/clientes/view.ctp, line 46]
2011-11-01 23:58:37 Notice: Notice (8): Undefined index:  usuario_ftp in [/Applications/MAMP/htdocs/plock/app/views/clientes/view.ctp, line 46]
2011-11-01 23:58:37 Notice: Notice (8): Undefined index:  senha_ftp in [/Applications/MAMP/htdocs/plock/app/views/clientes/view.ctp, line 46]
2011-11-01 23:59:47 Notice: Notice (8): Undefined index:  ftp in [/Applications/MAMP/htdocs/plock/app/views/clientes/view.ctp, line 43]
2011-11-01 23:59:47 Notice: Notice (8): Undefined index:  usuario_ftp in [/Applications/MAMP/htdocs/plock/app/views/clientes/view.ctp, line 44]
2011-11-01 23:59:47 Notice: Notice (8): Undefined index:  senha_ftp in [/Applications/MAMP/htdocs/plock/app/views/clientes/view.ctp, line 45]
2011-11-01 23:59:47 Notice: Notice (8): Undefined index:  ftp in [/Applications/MAMP/htdocs/plock/app/views/clientes/view.ctp, line 46]
2011-11-01 23:59:47 Notice: Notice (8): Undefined index:  usuario_ftp in [/Applications/MAMP/htdocs/plock/app/views/clientes/view.ctp, line 46]
2011-11-01 23:59:47 Notice: Notice (8): Undefined index:  senha_ftp in [/Applications/MAMP/htdocs/plock/app/views/clientes/view.ctp, line 46]
2011-11-02 00:01:57 Notice: Notice (8): Undefined index:  Ftp in [/Applications/MAMP/htdocs/plock/app/views/clientes/view.ctp, line 45]
2011-11-02 00:01:57 Notice: Notice (8): Undefined index:  Ftp in [/Applications/MAMP/htdocs/plock/app/views/clientes/view.ctp, line 46]
2011-11-02 00:01:57 Notice: Notice (8): Undefined index:  Ftp in [/Applications/MAMP/htdocs/plock/app/views/clientes/view.ctp, line 47]
2011-11-02 00:01:57 Notice: Notice (8): Undefined index:  Ftp in [/Applications/MAMP/htdocs/plock/app/views/clientes/view.ctp, line 48]
2011-11-02 00:02:34 Notice: Notice (8): Undefined index:  Ftp in [/Applications/MAMP/htdocs/plock/app/views/clientes/view.ctp, line 47]
2011-11-02 00:02:34 Notice: Notice (8): Undefined index:  Ftp in [/Applications/MAMP/htdocs/plock/app/views/clientes/view.ctp, line 48]
2011-11-02 00:02:34 Notice: Notice (8): Undefined index:  Ftp in [/Applications/MAMP/htdocs/plock/app/views/clientes/view.ctp, line 49]
2011-11-02 00:02:34 Notice: Notice (8): Undefined index:  Ftp in [/Applications/MAMP/htdocs/plock/app/views/clientes/view.ctp, line 50]
2011-11-02 00:05:13 Notice: Notice (8): Undefined index:  ftp in [/Applications/MAMP/htdocs/plock/app/views/clientes/index.ctp, line 21]
2011-11-02 00:05:13 Notice: Notice (8): Undefined index:  usuario_ftp in [/Applications/MAMP/htdocs/plock/app/views/clientes/index.ctp, line 22]
2011-11-02 00:05:13 Notice: Notice (8): Undefined index:  senha_ftp in [/Applications/MAMP/htdocs/plock/app/views/clientes/index.ctp, line 23]
2011-11-02 00:06:03 Notice: Notice (8): Undefined property: DebugView::$Cliente in [/Applications/MAMP/htdocs/plock/app/views/clientes/view.ctp, line 50]
2011-11-02 00:06:05 Notice: Notice (8): Undefined property: DebugView::$Cliente in [/Applications/MAMP/htdocs/plock/app/views/clientes/view.ctp, line 50]
2011-11-02 00:09:00 Notice: Notice (8): Undefined index:  ftp in [/Applications/MAMP/htdocs/plock/app/views/clientes/edit.ctp, line 73]
2011-11-02 00:09:00 Notice: Notice (8): Undefined index:  usuario_ftp in [/Applications/MAMP/htdocs/plock/app/views/clientes/edit.ctp, line 79]
2011-11-02 00:09:00 Notice: Notice (8): Undefined index:  senha_ftp in [/Applications/MAMP/htdocs/plock/app/views/clientes/edit.ctp, line 85]
2011-11-02 00:12:29 Notice: Notice (8): Undefined index:  ftp in [/Applications/MAMP/htdocs/plock/app/views/clientes/index.ctp, line 21]
2011-11-02 00:12:29 Notice: Notice (8): Undefined index:  usuario_ftp in [/Applications/MAMP/htdocs/plock/app/views/clientes/index.ctp, line 22]
2011-11-02 00:12:29 Notice: Notice (8): Undefined index:  senha_ftp in [/Applications/MAMP/htdocs/plock/app/views/clientes/index.ctp, line 23]
2011-11-02 00:13:28 Notice: Notice (8): Undefined index:  ftp in [/Applications/MAMP/htdocs/plock/app/views/clientes/index.ctp, line 21]
2011-11-02 00:13:28 Notice: Notice (8): Undefined index:  usuario_ftp in [/Applications/MAMP/htdocs/plock/app/views/clientes/index.ctp, line 22]
2011-11-02 00:13:28 Notice: Notice (8): Undefined index:  senha_ftp in [/Applications/MAMP/htdocs/plock/app/views/clientes/index.ctp, line 23]
2011-11-02 00:14:38 Notice: Notice (8): Undefined index:  ftp in [/Applications/MAMP/htdocs/plock/app/views/clientes/index.ctp, line 21]
2011-11-02 00:14:38 Notice: Notice (8): Undefined index:  usuario_ftp in [/Applications/MAMP/htdocs/plock/app/views/clientes/index.ctp, line 22]
2011-11-02 00:14:38 Notice: Notice (8): Undefined index:  senha_ftp in [/Applications/MAMP/htdocs/plock/app/views/clientes/index.ctp, line 23]
2011-11-02 00:16:15 Notice: Notice (8): Undefined index:  ftp in [/Applications/MAMP/htdocs/plock/app/views/clientes/index.ctp, line 21]
2011-11-02 00:16:15 Notice: Notice (8): Undefined index:  usuario_ftp in [/Applications/MAMP/htdocs/plock/app/views/clientes/index.ctp, line 22]
2011-11-02 00:16:15 Notice: Notice (8): Undefined index:  senha_ftp in [/Applications/MAMP/htdocs/plock/app/views/clientes/index.ctp, line 23]
2011-11-02 00:21:54 Notice: Notice (8): Undefined index:  Ftp in [/Applications/MAMP/htdocs/plock/app/views/clientes/view.ctp, line 47]
2011-11-02 00:29:34 Notice: Notice (8): Undefined variable: active_menu in [/Applications/MAMP/htdocs/plock/app/views/layouts/default.ctp, line 29]
2011-11-02 00:29:34 Notice: Notice (8): Undefined variable: active_menu in [/Applications/MAMP/htdocs/plock/app/views/layouts/default.ctp, line 30]
2011-11-02 00:29:34 Notice: Notice (8): Undefined variable: user in [/Applications/MAMP/htdocs/plock/app/views/layouts/default.ctp, line 38]
2011-11-02 00:29:34 Notice: Notice (8): Undefined variable: clientes in [/Applications/MAMP/htdocs/plock/app/views/layouts/default.ctp, line 57]
2011-11-02 00:29:42 Notice: Notice (8): Undefined variable: active_menu in [/Applications/MAMP/htdocs/plock/app/views/layouts/default.ctp, line 29]
2011-11-02 00:29:42 Notice: Notice (8): Undefined variable: active_menu in [/Applications/MAMP/htdocs/plock/app/views/layouts/default.ctp, line 30]
2011-11-02 00:29:42 Notice: Notice (8): Undefined variable: user in [/Applications/MAMP/htdocs/plock/app/views/layouts/default.ctp, line 38]
2011-11-02 00:29:42 Notice: Notice (8): Undefined variable: clientes in [/Applications/MAMP/htdocs/plock/app/views/layouts/default.ctp, line 57]
2011-11-02 00:30:07 Notice: Notice (8): Undefined variable: active_menu in [/Applications/MAMP/htdocs/plock/app/views/layouts/default.ctp, line 29]
2011-11-02 00:30:07 Notice: Notice (8): Undefined variable: active_menu in [/Applications/MAMP/htdocs/plock/app/views/layouts/default.ctp, line 30]
2011-11-02 00:30:07 Notice: Notice (8): Undefined variable: user in [/Applications/MAMP/htdocs/plock/app/views/layouts/default.ctp, line 38]
2011-11-02 00:30:07 Notice: Notice (8): Undefined variable: clientes in [/Applications/MAMP/htdocs/plock/app/views/layouts/default.ctp, line 57]
2011-11-02 00:30:31 Notice: Notice (8): Undefined variable: user in [/Applications/MAMP/htdocs/plock/app/views/layouts/default.ctp, line 38]
2011-11-02 01:40:41 Notice: Notice (8): Undefined offset:  0 in [/Applications/MAMP/htdocs/plock/app/views/clientes/index.ctp, line 21]
2011-11-02 01:40:41 Notice: Notice (8): Undefined offset:  0 in [/Applications/MAMP/htdocs/plock/app/views/clientes/index.ctp, line 22]
2011-11-02 01:40:41 Notice: Notice (8): Undefined offset:  0 in [/Applications/MAMP/htdocs/plock/app/views/clientes/index.ctp, line 23]
2011-11-02 01:40:56 Notice: Notice (8): Undefined offset:  0 in [/Applications/MAMP/htdocs/plock/app/views/clientes/index.ctp, line 21]
2011-11-02 01:40:56 Notice: Notice (8): Undefined offset:  0 in [/Applications/MAMP/htdocs/plock/app/views/clientes/index.ctp, line 22]
2011-11-02 01:40:56 Notice: Notice (8): Undefined offset:  0 in [/Applications/MAMP/htdocs/plock/app/views/clientes/index.ctp, line 23]
2011-11-02 01:41:01 Notice: Notice (8): Undefined offset:  0 in [/Applications/MAMP/htdocs/plock/app/views/clientes/index.ctp, line 21]
2011-11-02 01:41:01 Notice: Notice (8): Undefined offset:  0 in [/Applications/MAMP/htdocs/plock/app/views/clientes/index.ctp, line 22]
2011-11-02 01:41:01 Notice: Notice (8): Undefined offset:  0 in [/Applications/MAMP/htdocs/plock/app/views/clientes/index.ctp, line 23]
2011-11-02 01:41:07 Notice: Notice (8): Undefined offset:  0 in [/Applications/MAMP/htdocs/plock/app/views/clientes/index.ctp, line 21]
2011-11-02 01:41:07 Notice: Notice (8): Undefined offset:  0 in [/Applications/MAMP/htdocs/plock/app/views/clientes/index.ctp, line 22]
2011-11-02 01:41:07 Notice: Notice (8): Undefined offset:  0 in [/Applications/MAMP/htdocs/plock/app/views/clientes/index.ctp, line 23]
2011-11-02 01:41:11 Notice: Notice (8): Undefined offset:  0 in [/Applications/MAMP/htdocs/plock/app/views/clientes/index.ctp, line 21]
2011-11-02 01:41:11 Notice: Notice (8): Undefined offset:  0 in [/Applications/MAMP/htdocs/plock/app/views/clientes/index.ctp, line 22]
2011-11-02 01:41:11 Notice: Notice (8): Undefined offset:  0 in [/Applications/MAMP/htdocs/plock/app/views/clientes/index.ctp, line 23]
2011-11-02 01:45:03 Notice: Notice (8): Undefined offset:  0 in [/Applications/MAMP/htdocs/plock/app/views/clientes/index.ctp, line 21]
2011-11-02 01:45:03 Notice: Notice (8): Undefined offset:  0 in [/Applications/MAMP/htdocs/plock/app/views/clientes/index.ctp, line 22]
2011-11-02 01:45:03 Notice: Notice (8): Undefined offset:  0 in [/Applications/MAMP/htdocs/plock/app/views/clientes/index.ctp, line 23]
2011-11-02 01:50:38 Notice: Notice (8): Undefined offset:  0 in [/Applications/MAMP/htdocs/plock/app/views/clientes/index.ctp, line 21]
2011-11-02 01:50:38 Notice: Notice (8): Undefined offset:  0 in [/Applications/MAMP/htdocs/plock/app/views/clientes/index.ctp, line 22]
2011-11-02 01:50:38 Notice: Notice (8): Undefined offset:  0 in [/Applications/MAMP/htdocs/plock/app/views/clientes/index.ctp, line 23]
2011-11-02 01:51:27 Notice: Notice (8): Undefined offset:  0 in [/Applications/MAMP/htdocs/plock/app/views/clientes/index.ctp, line 21]
2011-11-02 01:51:27 Notice: Notice (8): Undefined offset:  0 in [/Applications/MAMP/htdocs/plock/app/views/clientes/index.ctp, line 22]
2011-11-02 01:51:27 Notice: Notice (8): Undefined offset:  0 in [/Applications/MAMP/htdocs/plock/app/views/clientes/index.ctp, line 23]
2011-11-02 20:38:53 Notice: Notice (8): Undefined index:  ftp in [/Applications/MAMP/htdocs/plock/app/views/clientes/search.ctp, line 23]
2011-11-02 20:38:53 Notice: Notice (8): Undefined index:  usuario_ftp in [/Applications/MAMP/htdocs/plock/app/views/clientes/search.ctp, line 24]
2011-11-02 20:38:53 Notice: Notice (8): Undefined index:  senha_ftp in [/Applications/MAMP/htdocs/plock/app/views/clientes/search.ctp, line 25]
2011-11-03 15:32:26 Notice: Notice (8): Undefined index:  id in [/Applications/MAMP/htdocs/plock/app/views/clientes/add.ctp, line 74]
2011-11-03 15:32:26 Notice: Notice (8): Undefined index:  nome in [/Applications/MAMP/htdocs/plock/app/views/clientes/add.ctp, line 74]
2011-11-03 15:57:41 Notice: Notice (8): Undefined variable: active_menu in [/Applications/MAMP/htdocs/plock/app/views/layouts/default.ctp, line 29]
2011-11-03 15:57:41 Notice: Notice (8): Undefined variable: active_menu in [/Applications/MAMP/htdocs/plock/app/views/layouts/default.ctp, line 30]
2011-11-03 15:57:41 Notice: Notice (8): Undefined variable: user in [/Applications/MAMP/htdocs/plock/app/views/layouts/default.ctp, line 38]
2011-11-03 15:57:41 Notice: Notice (8): Undefined variable: clientes in [/Applications/MAMP/htdocs/plock/app/views/layouts/default.ctp, line 57]
2011-11-03 16:13:26 Notice: Notice (8): Undefined variable: active_menu in [/Applications/MAMP/htdocs/plock/app/views/layouts/default.ctp, line 29]
2011-11-03 16:13:26 Notice: Notice (8): Undefined variable: active_menu in [/Applications/MAMP/htdocs/plock/app/views/layouts/default.ctp, line 30]
2011-11-03 16:13:26 Notice: Notice (8): Undefined variable: user in [/Applications/MAMP/htdocs/plock/app/views/layouts/default.ctp, line 38]
2011-11-03 16:13:26 Notice: Notice (8): Undefined variable: clientes in [/Applications/MAMP/htdocs/plock/app/views/layouts/default.ctp, line 57]
2011-11-03 16:13:31 Notice: Notice (8): Undefined variable: active_menu in [/Applications/MAMP/htdocs/plock/app/views/layouts/default.ctp, line 29]
2011-11-03 16:13:31 Notice: Notice (8): Undefined variable: active_menu in [/Applications/MAMP/htdocs/plock/app/views/layouts/default.ctp, line 30]
2011-11-03 16:13:31 Notice: Notice (8): Undefined variable: user in [/Applications/MAMP/htdocs/plock/app/views/layouts/default.ctp, line 38]
2011-11-03 16:13:31 Notice: Notice (8): Undefined variable: clientes in [/Applications/MAMP/htdocs/plock/app/views/layouts/default.ctp, line 57]
2011-11-03 16:14:24 Notice: Notice (8): Undefined variable: active_menu in [/Applications/MAMP/htdocs/plock/app/views/layouts/default.ctp, line 29]
2011-11-03 16:14:24 Notice: Notice (8): Undefined variable: active_menu in [/Applications/MAMP/htdocs/plock/app/views/layouts/default.ctp, line 30]
2011-11-03 16:14:24 Notice: Notice (8): Undefined variable: user in [/Applications/MAMP/htdocs/plock/app/views/layouts/default.ctp, line 38]
2011-11-03 16:14:24 Notice: Notice (8): Undefined variable: clientes in [/Applications/MAMP/htdocs/plock/app/views/layouts/default.ctp, line 57]
2011-11-03 16:22:57 Notice: Notice (8): Undefined variable: active_menu in [/Applications/MAMP/htdocs/plock/app/views/layouts/default.ctp, line 29]
2011-11-03 16:22:57 Notice: Notice (8): Undefined variable: active_menu in [/Applications/MAMP/htdocs/plock/app/views/layouts/default.ctp, line 30]
2011-11-03 16:22:58 Notice: Notice (8): Undefined variable: user in [/Applications/MAMP/htdocs/plock/app/views/layouts/default.ctp, line 38]
2011-11-03 16:22:58 Notice: Notice (8): Undefined variable: clientes in [/Applications/MAMP/htdocs/plock/app/views/layouts/default.ctp, line 62]
2011-11-03 16:31:04 Notice: Notice (8): Undefined variable: servers in [/Applications/MAMP/htdocs/plock/app/views/clientes/edit.ctp, line 77]
2011-11-08 12:09:32 Notice: Notice (8): Undefined variable: active_menu in [/Applications/MAMP/htdocs/plock/app/views/layouts/default.ctp, line 32]
2011-11-08 12:09:32 Notice: Notice (8): Undefined variable: active_menu in [/Applications/MAMP/htdocs/plock/app/views/layouts/default.ctp, line 33]
2011-11-08 12:09:32 Notice: Notice (8): Undefined variable: user in [/Applications/MAMP/htdocs/plock/app/views/layouts/default.ctp, line 41]
2011-11-08 12:09:32 Notice: Notice (8): Undefined variable: clientes in [/Applications/MAMP/htdocs/plock/app/views/layouts/default.ctp, line 65]
2011-11-08 12:10:52 Notice: Notice (8): Undefined variable: active_menu in [/Applications/MAMP/htdocs/plock/app/views/layouts/default.ctp, line 32]
2011-11-08 12:10:52 Notice: Notice (8): Undefined variable: active_menu in [/Applications/MAMP/htdocs/plock/app/views/layouts/default.ctp, line 33]
2011-11-08 12:10:52 Notice: Notice (8): Undefined variable: user in [/Applications/MAMP/htdocs/plock/app/views/layouts/default.ctp, line 41]
2011-11-08 12:10:52 Notice: Notice (8): Undefined variable: clientes in [/Applications/MAMP/htdocs/plock/app/views/layouts/default.ctp, line 65]
2011-11-08 14:12:35 Notice: Notice (8): Undefined offset:  0 in [/Applications/MAMP/htdocs/plock/app/controllers/components/filezilaxml.php, line 15]
2011-11-08 14:12:35 Notice: Notice (8): Undefined offset:  0 in [/Applications/MAMP/htdocs/plock/app/controllers/components/filezilaxml.php, line 19]
2011-11-08 14:12:35 Notice: Notice (8): Undefined offset:  0 in [/Applications/MAMP/htdocs/plock/app/controllers/components/filezilaxml.php, line 20]
2011-11-08 14:14:16 Notice: Notice (8): Undefined index:  ftp_host in [/Applications/MAMP/htdocs/plock/app/controllers/components/filezilaxml.php, line 15]
2011-11-08 14:14:16 Notice: Notice (8): Undefined index:  ftp_username in [/Applications/MAMP/htdocs/plock/app/controllers/components/filezilaxml.php, line 19]
2011-11-08 14:14:16 Notice: Notice (8): Undefined index:  ftp_password in [/Applications/MAMP/htdocs/plock/app/controllers/components/filezilaxml.php, line 20]
2011-11-08 14:14:33 Notice: Notice (8): Undefined offset:  0 in [/Applications/MAMP/htdocs/plock/app/controllers/components/filezilaxml.php, line 15]
2011-11-08 14:14:33 Notice: Notice (8): Undefined offset:  0 in [/Applications/MAMP/htdocs/plock/app/controllers/components/filezilaxml.php, line 19]
2011-11-08 14:14:33 Notice: Notice (8): Undefined offset:  0 in [/Applications/MAMP/htdocs/plock/app/controllers/components/filezilaxml.php, line 20]
2011-11-08 14:15:02 Notice: Notice (8): Undefined offset:  0 in [/Applications/MAMP/htdocs/plock/app/controllers/components/filezilaxml.php, line 15]
2011-11-08 14:15:02 Notice: Notice (8): Undefined offset:  0 in [/Applications/MAMP/htdocs/plock/app/controllers/components/filezilaxml.php, line 19]
2011-11-08 14:15:02 Notice: Notice (8): Undefined offset:  0 in [/Applications/MAMP/htdocs/plock/app/controllers/components/filezilaxml.php, line 20]
2011-11-08 14:15:13 Notice: Notice (8): Undefined offset:  0 in [/Applications/MAMP/htdocs/plock/app/controllers/components/filezilaxml.php, line 15]
2011-11-08 14:15:13 Notice: Notice (8): Undefined offset:  0 in [/Applications/MAMP/htdocs/plock/app/controllers/components/filezilaxml.php, line 19]
2011-11-08 14:15:13 Notice: Notice (8): Undefined offset:  0 in [/Applications/MAMP/htdocs/plock/app/controllers/components/filezilaxml.php, line 20]
2011-11-08 14:15:38 Notice: Notice (8): Undefined offset:  0 in [/Applications/MAMP/htdocs/plock/app/controllers/components/filezilaxml.php, line 15]
2011-11-08 14:15:38 Notice: Notice (8): Undefined offset:  0 in [/Applications/MAMP/htdocs/plock/app/controllers/components/filezilaxml.php, line 19]
2011-11-08 14:15:38 Notice: Notice (8): Undefined offset:  0 in [/Applications/MAMP/htdocs/plock/app/controllers/components/filezilaxml.php, line 20]
2011-11-08 14:23:13 Notice: Notice (8): Undefined offset:  0 in [/Applications/MAMP/htdocs/plock/app/controllers/components/filezilaxml.php, line 15]
2011-11-08 14:23:13 Notice: Notice (8): Undefined offset:  0 in [/Applications/MAMP/htdocs/plock/app/controllers/components/filezilaxml.php, line 19]
2011-11-08 14:23:13 Notice: Notice (8): Undefined offset:  0 in [/Applications/MAMP/htdocs/plock/app/controllers/components/filezilaxml.php, line 20]
2011-11-08 14:25:12 Notice: Notice (8): Undefined variable: a in [/Applications/MAMP/htdocs/plock/app/controllers/components/filezilaxml.php, line 11]
2011-11-08 14:25:12 Notice: Notice (8): Undefined offset:  0 in [/Applications/MAMP/htdocs/plock/app/controllers/components/filezilaxml.php, line 15]
2011-11-08 14:25:12 Notice: Notice (8): Undefined offset:  0 in [/Applications/MAMP/htdocs/plock/app/controllers/components/filezilaxml.php, line 19]
2011-11-08 14:25:12 Notice: Notice (8): Undefined offset:  0 in [/Applications/MAMP/htdocs/plock/app/controllers/components/filezilaxml.php, line 20]
2011-11-08 14:25:22 Notice: Notice (8): Undefined offset:  0 in [/Applications/MAMP/htdocs/plock/app/controllers/components/filezilaxml.php, line 15]
2011-11-08 14:25:22 Notice: Notice (8): Undefined offset:  0 in [/Applications/MAMP/htdocs/plock/app/controllers/components/filezilaxml.php, line 19]
2011-11-08 14:25:22 Notice: Notice (8): Undefined offset:  0 in [/Applications/MAMP/htdocs/plock/app/controllers/components/filezilaxml.php, line 20]
2011-11-08 14:26:23 Notice: Notice (8): Undefined variable: active_menu in [/Applications/MAMP/htdocs/plock/app/views/layouts/default.ctp, line 32]
2011-11-08 14:26:23 Notice: Notice (8): Undefined variable: active_menu in [/Applications/MAMP/htdocs/plock/app/views/layouts/default.ctp, line 33]
2011-11-08 14:26:23 Notice: Notice (8): Undefined variable: user in [/Applications/MAMP/htdocs/plock/app/views/layouts/default.ctp, line 41]
2011-11-08 14:26:23 Notice: Notice (8): Undefined variable: clientes in [/Applications/MAMP/htdocs/plock/app/views/layouts/default.ctp, line 65]
2011-11-08 14:28:34 Notice: Notice (8): Undefined offset:  0 in [/Applications/MAMP/htdocs/plock/app/controllers/components/filezilaxml.php, line 15]
2011-11-08 14:28:34 Notice: Notice (8): Undefined offset:  0 in [/Applications/MAMP/htdocs/plock/app/controllers/components/filezilaxml.php, line 19]
2011-11-08 14:28:34 Notice: Notice (8): Undefined offset:  0 in [/Applications/MAMP/htdocs/plock/app/controllers/components/filezilaxml.php, line 20]
2011-11-08 14:29:25 Notice: Notice (8): Undefined offset:  0 in [/Applications/MAMP/htdocs/plock/app/controllers/components/filezilaxml.php, line 15]
2011-11-08 14:29:25 Notice: Notice (8): Undefined offset:  0 in [/Applications/MAMP/htdocs/plock/app/controllers/components/filezilaxml.php, line 19]
2011-11-08 14:29:25 Notice: Notice (8): Undefined offset:  0 in [/Applications/MAMP/htdocs/plock/app/controllers/components/filezilaxml.php, line 20]
2011-11-08 14:30:09 Notice: Notice (8): Undefined offset:  0 in [/Applications/MAMP/htdocs/plock/app/controllers/components/filezilaxml.php, line 15]
2011-11-08 14:30:09 Notice: Notice (8): Undefined offset:  0 in [/Applications/MAMP/htdocs/plock/app/controllers/components/filezilaxml.php, line 19]
2011-11-08 14:30:09 Notice: Notice (8): Undefined offset:  0 in [/Applications/MAMP/htdocs/plock/app/controllers/components/filezilaxml.php, line 20]
2011-11-08 14:30:38 Notice: Notice (8): Undefined offset:  0 in [/Applications/MAMP/htdocs/plock/app/controllers/components/filezilaxml.php, line 15]
2011-11-08 14:30:38 Notice: Notice (8): Undefined offset:  0 in [/Applications/MAMP/htdocs/plock/app/controllers/components/filezilaxml.php, line 19]
2011-11-08 14:30:38 Notice: Notice (8): Undefined offset:  0 in [/Applications/MAMP/htdocs/plock/app/controllers/components/filezilaxml.php, line 20]
2011-11-08 14:31:27 Notice: Notice (8): Undefined offset:  0 in [/Applications/MAMP/htdocs/plock/app/controllers/components/filezilaxml.php, line 15]
2011-11-08 14:31:27 Notice: Notice (8): Undefined offset:  0 in [/Applications/MAMP/htdocs/plock/app/controllers/components/filezilaxml.php, line 19]
2011-11-08 14:31:27 Notice: Notice (8): Undefined offset:  0 in [/Applications/MAMP/htdocs/plock/app/controllers/components/filezilaxml.php, line 20]
2011-11-08 15:01:34 Notice: Notice (8): Undefined variable: active_menu in [/Applications/MAMP/htdocs/plock/app/views/layouts/default.ctp, line 32]
2011-11-08 15:01:34 Notice: Notice (8): Undefined variable: active_menu in [/Applications/MAMP/htdocs/plock/app/views/layouts/default.ctp, line 33]
2011-11-08 15:01:34 Notice: Notice (8): Undefined variable: user in [/Applications/MAMP/htdocs/plock/app/views/layouts/default.ctp, line 41]
2011-11-08 15:01:34 Notice: Notice (8): Undefined variable: clientes in [/Applications/MAMP/htdocs/plock/app/views/layouts/default.ctp, line 70]
2011-11-08 15:01:48 Notice: Notice (8): Undefined variable: active_menu in [/Applications/MAMP/htdocs/plock/app/views/layouts/default.ctp, line 32]
2011-11-08 15:01:48 Notice: Notice (8): Undefined variable: active_menu in [/Applications/MAMP/htdocs/plock/app/views/layouts/default.ctp, line 33]
2011-11-08 15:01:48 Notice: Notice (8): Undefined variable: user in [/Applications/MAMP/htdocs/plock/app/views/layouts/default.ctp, line 41]
2011-11-08 15:01:48 Notice: Notice (8): Undefined variable: clientes in [/Applications/MAMP/htdocs/plock/app/views/layouts/default.ctp, line 70]
2011-11-08 15:01:52 Notice: Notice (8): Undefined variable: active_menu in [/Applications/MAMP/htdocs/plock/app/views/layouts/default.ctp, line 32]
2011-11-08 15:01:52 Notice: Notice (8): Undefined variable: active_menu in [/Applications/MAMP/htdocs/plock/app/views/layouts/default.ctp, line 33]
2011-11-08 15:01:52 Notice: Notice (8): Undefined variable: user in [/Applications/MAMP/htdocs/plock/app/views/layouts/default.ctp, line 41]
2011-11-08 15:01:52 Notice: Notice (8): Undefined variable: clientes in [/Applications/MAMP/htdocs/plock/app/views/layouts/default.ctp, line 70]
2011-11-08 15:01:54 Notice: Notice (8): Undefined variable: active_menu in [/Applications/MAMP/htdocs/plock/app/views/layouts/default.ctp, line 32]
2011-11-08 15:01:54 Notice: Notice (8): Undefined variable: active_menu in [/Applications/MAMP/htdocs/plock/app/views/layouts/default.ctp, line 33]
2011-11-08 15:01:54 Notice: Notice (8): Undefined variable: user in [/Applications/MAMP/htdocs/plock/app/views/layouts/default.ctp, line 41]
2011-11-08 15:01:54 Notice: Notice (8): Undefined variable: clientes in [/Applications/MAMP/htdocs/plock/app/views/layouts/default.ctp, line 70]
2011-11-08 15:06:01 Notice: Notice (8): Undefined variable: data in [/Applications/MAMP/htdocs/plock/app/views/tasks/add.ctp, line 3]
2011-11-08 19:45:32 Notice: Notice (8): Undefined variable: active_menu in [/Applications/MAMP/htdocs/plock/app/views/layouts/default.ctp, line 32]
2011-11-08 19:45:32 Notice: Notice (8): Undefined variable: active_menu in [/Applications/MAMP/htdocs/plock/app/views/layouts/default.ctp, line 33]
2011-11-08 19:45:32 Notice: Notice (8): Undefined variable: user in [/Applications/MAMP/htdocs/plock/app/views/layouts/default.ctp, line 41]
2011-11-08 19:45:32 Notice: Notice (8): Undefined variable: clientes in [/Applications/MAMP/htdocs/plock/app/views/layouts/default.ctp, line 77]
2011-11-08 19:45:32 Notice: Notice (8): Undefined variable: active_menu in [/Applications/MAMP/htdocs/plock/app/views/layouts/default.ctp, line 32]
2011-11-08 19:45:32 Notice: Notice (8): Undefined variable: active_menu in [/Applications/MAMP/htdocs/plock/app/views/layouts/default.ctp, line 33]
2011-11-08 19:45:32 Notice: Notice (8): Undefined variable: user in [/Applications/MAMP/htdocs/plock/app/views/layouts/default.ctp, line 41]
2011-11-08 19:45:32 Notice: Notice (8): Undefined variable: clientes in [/Applications/MAMP/htdocs/plock/app/views/layouts/default.ctp, line 77]
2011-11-08 19:45:50 Notice: Notice (8): Undefined variable: active_menu in [/Applications/MAMP/htdocs/plock/app/views/layouts/default.ctp, line 32]
2011-11-08 19:45:50 Notice: Notice (8): Undefined variable: active_menu in [/Applications/MAMP/htdocs/plock/app/views/layouts/default.ctp, line 33]
2011-11-08 19:45:50 Notice: Notice (8): Undefined variable: user in [/Applications/MAMP/htdocs/plock/app/views/layouts/default.ctp, line 41]
2011-11-08 19:45:50 Notice: Notice (8): Undefined variable: clientes in [/Applications/MAMP/htdocs/plock/app/views/layouts/default.ctp, line 77]
2011-11-08 19:45:50 Notice: Notice (8): Undefined variable: active_menu in [/Applications/MAMP/htdocs/plock/app/views/layouts/default.ctp, line 32]
2011-11-08 19:45:50 Notice: Notice (8): Undefined variable: active_menu in [/Applications/MAMP/htdocs/plock/app/views/layouts/default.ctp, line 33]
2011-11-08 19:45:50 Notice: Notice (8): Undefined variable: user in [/Applications/MAMP/htdocs/plock/app/views/layouts/default.ctp, line 41]
2011-11-08 19:45:50 Notice: Notice (8): Undefined variable: clientes in [/Applications/MAMP/htdocs/plock/app/views/layouts/default.ctp, line 77]
2011-11-08 19:50:14 Notice: Notice (8): Undefined property: DebugView::$Auth in [/Applications/MAMP/htdocs/plock/app/views/layouts/default.ctp, line 63]
2011-11-08 19:50:14 Notice: Notice (8): Undefined property: DebugView::$Auth in [/Applications/MAMP/htdocs/plock/app/views/layouts/default.ctp, line 63]
