2011-07-18 18:10:15 Warning: Warning (2): Cannot modify header information - headers already sent by (output started at C:\xampp\htdocs\cake\cake\libs\debugger.php:673) in [C:\xampp\htdocs\cake\cake\libs\controller\controller.php, line 742]
2011-07-18 19:31:16 Warning: Warning (2): Missing argument 1 for UsersController::edit() in [C:\xampp\htdocs\cake\app\controllers\users_controller.php, line 39]
2011-07-19 14:08:32 Warning: Warning (512): <span style="color:Red;text-align:left"><b>SQL Error:</b> 1064: You have an error in your SQL syntax; check the manual that corresponds to your MySQL server version for the right syntax to use near 'getUsers' at line 1</span> in [C:\xampp\htdocs\cake\cake\libs\model\datasources\dbo_source.php, line 684]
2011-07-21 14:01:25 Warning: Warning (2): Missing argument 1 for UsersController::edit() in [C:\xampp\htdocs\cake\app\controllers\users_controller.php, line 39]
2011-07-21 14:01:49 Warning: Warning (2): Missing argument 1 for UsersController::edit() in [C:\xampp\htdocs\cake\app\controllers\users_controller.php, line 39]
2011-07-21 14:23:26 Warning: Warning (512): <span style="color:Red;text-align:left"><b>SQL Error:</b> 1064: You have an error in your SQL syntax; check the manual that corresponds to your MySQL server version for the right syntax to use near '' at line 1</span> in [C:\xampp\htdocs\cake\cake\libs\model\datasources\dbo_source.php, line 684]
2011-07-21 16:38:45 Warning: Warning (512): <span style="color:Red;text-align:left"><b>SQL Error:</b> 1064: You have an error in your SQL syntax; check the manual that corresponds to your MySQL server version for the right syntax to use near 'validationErrors' at line 1</span> in [C:\xampp\htdocs\cake\cake\libs\model\datasources\dbo_source.php, line 684]
2011-07-21 19:05:55 Warning: Warning (2): Invalid argument supplied for foreach() in [C:\xampp\htdocs\cake\app\views\mensagens\index.ctp, line 6]
2011-10-22 00:27:46 Warning: Warning (2): mysql_connect() [<a href='http://php.net/function.mysql-connect'>function.mysql-connect</a>]: Access denied for user 'root'@'localhost' (using password: NO) in [/Applications/MAMP/htdocs/plock/cake/libs/model/datasources/dbo/dbo_mysql.php, line 561]
2011-10-22 00:27:46 Warning: Warning (2): mysql_select_db(): supplied argument is not a valid MySQL-Link resource in [/Applications/MAMP/htdocs/plock/cake/libs/model/datasources/dbo/dbo_mysql.php, line 567]
2011-10-22 00:27:46 Warning: Warning (2): mysql_get_server_info(): supplied argument is not a valid MySQL-Link resource in [/Applications/MAMP/htdocs/plock/cake/libs/model/datasources/dbo/dbo_mysql.php, line 575]
2011-10-22 00:27:46 Warning: Warning (2): mysql_query(): supplied argument is not a valid MySQL-Link resource in [/Applications/MAMP/htdocs/plock/cake/libs/model/datasources/dbo/dbo_mysql.php, line 609]
2011-10-22 00:27:46 Warning: Warning (2): Cannot modify header information - headers already sent by (output started at /Applications/MAMP/htdocs/plock/cake/libs/debugger.php:673) in [/Applications/MAMP/htdocs/plock/cake/libs/controller/controller.php, line 742]
2011-10-22 00:29:43 Warning: Warning (2): mysql_connect() [<a href='http://php.net/function.mysql-connect'>function.mysql-connect</a>]: Access denied for user 'root'@'localhost' (using password: NO) in [/Applications/MAMP/htdocs/plock/cake/libs/model/datasources/dbo/dbo_mysql.php, line 561]
2011-10-22 00:29:43 Warning: Warning (2): mysql_select_db(): supplied argument is not a valid MySQL-Link resource in [/Applications/MAMP/htdocs/plock/cake/libs/model/datasources/dbo/dbo_mysql.php, line 567]
2011-10-22 00:29:43 Warning: Warning (2): mysql_get_server_info(): supplied argument is not a valid MySQL-Link resource in [/Applications/MAMP/htdocs/plock/cake/libs/model/datasources/dbo/dbo_mysql.php, line 575]
2011-10-22 00:29:43 Warning: Warning (2): mysql_query(): supplied argument is not a valid MySQL-Link resource in [/Applications/MAMP/htdocs/plock/cake/libs/model/datasources/dbo/dbo_mysql.php, line 609]
2011-10-22 00:29:43 Warning: Warning (2): Cannot modify header information - headers already sent by (output started at /Applications/MAMP/htdocs/plock/cake/libs/debugger.php:673) in [/Applications/MAMP/htdocs/plock/cake/libs/controller/controller.php, line 742]
2011-10-22 00:29:44 Warning: Warning (2): mysql_connect() [<a href='http://php.net/function.mysql-connect'>function.mysql-connect</a>]: Access denied for user 'root'@'localhost' (using password: NO) in [/Applications/MAMP/htdocs/plock/cake/libs/model/datasources/dbo/dbo_mysql.php, line 561]
2011-10-22 00:29:44 Warning: Warning (2): mysql_select_db(): supplied argument is not a valid MySQL-Link resource in [/Applications/MAMP/htdocs/plock/cake/libs/model/datasources/dbo/dbo_mysql.php, line 567]
2011-10-22 00:29:44 Warning: Warning (2): mysql_get_server_info(): supplied argument is not a valid MySQL-Link resource in [/Applications/MAMP/htdocs/plock/cake/libs/model/datasources/dbo/dbo_mysql.php, line 575]
2011-10-22 00:29:44 Warning: Warning (2): mysql_query(): supplied argument is not a valid MySQL-Link resource in [/Applications/MAMP/htdocs/plock/cake/libs/model/datasources/dbo/dbo_mysql.php, line 609]
2011-10-22 00:29:44 Warning: Warning (2): Cannot modify header information - headers already sent by (output started at /Applications/MAMP/htdocs/plock/cake/libs/debugger.php:673) in [/Applications/MAMP/htdocs/plock/cake/libs/controller/controller.php, line 742]
2011-10-22 01:15:13 Warning: Warning (2): Invalid argument supplied for foreach() in [/Applications/MAMP/htdocs/plock/app/views/layouts/default.ctp, line 45]
2011-10-22 01:15:26 Warning: Warning (2): Invalid argument supplied for foreach() in [/Applications/MAMP/htdocs/plock/app/views/layouts/default.ctp, line 45]
2011-10-22 01:15:40 Warning: Warning (2): Invalid argument supplied for foreach() in [/Applications/MAMP/htdocs/plock/app/views/layouts/default.ctp, line 45]
2011-10-22 01:15:49 Warning: Warning (2): Invalid argument supplied for foreach() in [/Applications/MAMP/htdocs/plock/app/views/layouts/default.ctp, line 45]
2011-10-22 01:16:06 Warning: Warning (2): Invalid argument supplied for foreach() in [/Applications/MAMP/htdocs/plock/app/views/layouts/default.ctp, line 45]
2011-10-22 01:51:07 Warning: Warning (2): Invalid argument supplied for foreach() in [/Applications/MAMP/htdocs/plock/app/views/layouts/default.ctp, line 45]
2011-10-22 01:51:24 Warning: Warning (2): Invalid argument supplied for foreach() in [/Applications/MAMP/htdocs/plock/app/views/layouts/default.ctp, line 45]
2011-10-22 01:52:19 Warning: Warning (2): Invalid argument supplied for foreach() in [/Applications/MAMP/htdocs/plock/app/views/layouts/default.ctp, line 45]
2011-10-22 09:22:26 Warning: Warning (2): Invalid argument supplied for foreach() in [/Applications/MAMP/htdocs/plock/app/views/layouts/default.ctp, line 44]
2011-10-22 09:22:32 Warning: Warning (2): Invalid argument supplied for foreach() in [/Applications/MAMP/htdocs/plock/app/views/layouts/default.ctp, line 44]
2011-10-22 09:24:21 Warning: Warning (2): Invalid argument supplied for foreach() in [/Applications/MAMP/htdocs/plock/app/views/layouts/default.ctp, line 44]
2011-10-22 09:38:55 Warning: Warning (2): Invalid argument supplied for foreach() in [/Applications/MAMP/htdocs/plock/app/views/layouts/default.ctp, line 44]
2011-10-22 09:38:57 Warning: Warning (2): Invalid argument supplied for foreach() in [/Applications/MAMP/htdocs/plock/app/views/layouts/default.ctp, line 44]
2011-10-22 10:11:21 Warning: Warning (2): Invalid argument supplied for foreach() in [/Applications/MAMP/htdocs/plock/app/views/layouts/default.ctp, line 45]
2011-10-22 11:07:46 Warning: Warning (2): Invalid argument supplied for foreach() in [/Applications/MAMP/htdocs/plock/app/views/layouts/default.ctp, line 45]
2011-10-22 11:20:18 Warning: Warning (2): preg_match() [<a href='http://php.net/function.preg-match'>function.preg-match</a>]: Delimiter must not be alphanumeric or backslash in [/Applications/MAMP/htdocs/plock/cake/libs/model/model.php, line 2611]
2011-10-22 11:20:40 Warning: Warning (2): preg_match() [<a href='http://php.net/function.preg-match'>function.preg-match</a>]: Delimiter must not be alphanumeric or backslash in [/Applications/MAMP/htdocs/plock/cake/libs/model/model.php, line 2611]
2011-10-22 11:21:19 Warning: Warning (2): preg_match() [<a href='http://php.net/function.preg-match'>function.preg-match</a>]: Delimiter must not be alphanumeric or backslash in [/Applications/MAMP/htdocs/plock/cake/libs/model/model.php, line 2611]
2011-10-22 11:21:41 Warning: Warning (2): preg_match() [<a href='http://php.net/function.preg-match'>function.preg-match</a>]: Delimiter must not be alphanumeric or backslash in [/Applications/MAMP/htdocs/plock/cake/libs/model/model.php, line 2611]
2011-10-22 11:47:50 Warning: Warning (2): Invalid argument supplied for foreach() in [/Applications/MAMP/htdocs/plock/app/views/layouts/default.ctp, line 46]
2011-10-22 11:55:44 Warning: Warning (2): Invalid argument supplied for foreach() in [/Applications/MAMP/htdocs/plock/app/views/layouts/default.ctp, line 46]
2011-10-22 12:01:13 Warning: Warning (2): Cannot modify header information - headers already sent by (output started at /Applications/MAMP/htdocs/plock/cake/libs/debugger.php:673) in [/Applications/MAMP/htdocs/plock/cake/libs/controller/controller.php, line 742]
2011-10-22 12:02:19 Warning: Warning (2): Cannot modify header information - headers already sent by (output started at /Applications/MAMP/htdocs/plock/cake/libs/debugger.php:673) in [/Applications/MAMP/htdocs/plock/cake/libs/controller/controller.php, line 742]
2011-10-22 12:03:10 Warning: Warning (2): Cannot modify header information - headers already sent by (output started at /Applications/MAMP/htdocs/plock/cake/libs/debugger.php:673) in [/Applications/MAMP/htdocs/plock/cake/libs/controller/controller.php, line 742]
2011-10-22 12:03:40 Warning: Warning (2): Cannot modify header information - headers already sent by (output started at /Applications/MAMP/htdocs/plock/cake/libs/debugger.php:673) in [/Applications/MAMP/htdocs/plock/cake/libs/controller/controller.php, line 742]
2011-10-22 12:04:39 Warning: Warning (2): Cannot modify header information - headers already sent by (output started at /Applications/MAMP/htdocs/plock/cake/libs/debugger.php:673) in [/Applications/MAMP/htdocs/plock/cake/libs/controller/controller.php, line 742]
